<?xml version="1.0" encoding="UTF-8"?>
<testng-results ignored="0" total="6" passed="3" failed="3" skipped="0">
  <reporter-output>
  </reporter-output>
  <suite started-at="2024-10-05T20:04:38 IST" name="Default suite" finished-at="2024-10-05T20:04:47 IST" duration-ms="8917">
    <groups>
    </groups>
    <test started-at="2024-10-05T20:04:38 IST" name="Default test" finished-at="2024-10-05T20:04:47 IST" duration-ms="8917">
      <class name="com.LambdaTest.testScript.TestScript1">
        <test-method is-config="true" signature="openBrowser()[pri:0, instance:com.LambdaTest.testScript.TestScript1@449a4f23]" started-at="2024-10-05T20:04:28 IST" name="openBrowser" finished-at="2024-10-05T20:04:38 IST" duration-ms="10065" status="PASS">
          <reporter-output>
          </reporter-output>
        </test-method> <!-- openBrowser -->
        <test-method is-config="true" signature="getMethodName(java.lang.reflect.Method)[pri:0, instance:com.LambdaTest.testScript.TestScript1@449a4f23]" started-at="2024-10-05T20:04:39 IST" name="getMethodName" finished-at="2024-10-05T20:04:39 IST" duration-ms="17" status="PASS">
          <params>
            <param index="0">
              <value>
                <![CDATA[public void com.LambdaTest.testScript.TestScript1.VerifyPageTitle()]]>
              </value>
            </param>
          </params>
          <reporter-output>
          </reporter-output>
        </test-method> <!-- getMethodName -->
        <test-method signature="VerifyPageTitle()[pri:0, instance:com.LambdaTest.testScript.TestScript1@449a4f23]" started-at="2024-10-05T20:04:39 IST" name="VerifyPageTitle" finished-at="2024-10-05T20:04:39 IST" duration-ms="70" status="FAIL">
          <exception class="java.lang.AssertionError">
            <message>
              <![CDATA[expected [Selenium Grid Online | Run Selenium Test On Cloud] but found [QASelenium Grid Online | Run Selenium Test On Cloud]]]>
            </message>
            <full-stacktrace>
              <![CDATA[java.lang.AssertionError: expected [Selenium Grid Online | Run Selenium Test On Cloud] but found [QASelenium Grid Online | Run Selenium Test On Cloud]
at org.testng.Assert.fail(Assert.java:110)
at org.testng.Assert.failNotEquals(Assert.java:1577)
at org.testng.Assert.assertEqualsImpl(Assert.java:149)
at org.testng.Assert.assertEquals(Assert.java:131)
at org.testng.Assert.assertEquals(Assert.java:655)
at org.testng.Assert.assertEquals(Assert.java:665)
at com.LambdaTest.testScript.TestScript1.VerifyPageTitle(TestScript1.java:45)
at java.base/jdk.internal.reflect.NativeMethodAccessorImpl.invoke0(Native Method)
at java.base/jdk.internal.reflect.NativeMethodAccessorImpl.invoke(NativeMethodAccessorImpl.java:77)
at java.base/jdk.internal.reflect.DelegatingMethodAccessorImpl.invoke(DelegatingMethodAccessorImpl.java:43)
at java.base/java.lang.reflect.Method.invoke(Method.java:568)
at org.testng.internal.invokers.MethodInvocationHelper.invokeMethod(MethodInvocationHelper.java:139)
at org.testng.internal.invokers.TestInvoker.invokeMethod(TestInvoker.java:677)
at org.testng.internal.invokers.TestInvoker.invokeTestMethod(TestInvoker.java:221)
at org.testng.internal.invokers.MethodRunner.runInSequence(MethodRunner.java:50)
at org.testng.internal.invokers.TestInvoker$MethodInvocationAgent.invoke(TestInvoker.java:969)
at org.testng.internal.invokers.TestInvoker.invokeTestMethods(TestInvoker.java:194)
at org.testng.internal.invokers.TestMethodWorker.invokeTestMethods(TestMethodWorker.java:148)
at org.testng.internal.invokers.TestMethodWorker.run(TestMethodWorker.java:128)
at java.base/java.util.ArrayList.forEach(ArrayList.java:1511)
at org.testng.TestRunner.privateRun(TestRunner.java:829)
at org.testng.TestRunner.run(TestRunner.java:602)
at org.testng.SuiteRunner.runTest(SuiteRunner.java:437)
at org.testng.SuiteRunner.runSequentially(SuiteRunner.java:431)
at org.testng.SuiteRunner.privateRun(SuiteRunner.java:391)
at org.testng.SuiteRunner.run(SuiteRunner.java:330)
at org.testng.SuiteRunnerWorker.runSuite(SuiteRunnerWorker.java:52)
at org.testng.SuiteRunnerWorker.run(SuiteRunnerWorker.java:95)
at org.testng.TestNG.runSuitesSequentially(TestNG.java:1256)
at org.testng.TestNG.runSuitesLocally(TestNG.java:1176)
at org.testng.TestNG.runSuites(TestNG.java:1099)
at org.testng.TestNG.run(TestNG.java:1067)
at org.testng.remote.AbstractRemoteTestNG.run(AbstractRemoteTestNG.java:115)
at org.testng.remote.RemoteTestNG.initAndRun(RemoteTestNG.java:251)
at org.testng.remote.RemoteTestNG.main(RemoteTestNG.java:77)
]]>
            </full-stacktrace>
          </exception> <!-- java.lang.AssertionError -->
          <reporter-output>
          </reporter-output>
        </test-method> <!-- VerifyPageTitle -->
        <test-method is-config="true" signature="setTestResult(org.testng.ITestResult,java.lang.reflect.Method)[pri:0, instance:com.LambdaTest.testScript.TestScript1@449a4f23]" started-at="2024-10-05T20:04:39 IST" name="setTestResult" finished-at="2024-10-05T20:04:39 IST" duration-ms="240" status="PASS">
          <params>
            <param index="0">
              <value>
                <![CDATA[[TestResult name=VerifyPageTitle status=FAILURE method=TestScript1.VerifyPageTitle()[pri:0, instance:com.LambdaTest.testScript.TestScript1@449a4f23] output={null}]]]>
              </value>
            </param>
            <param index="1">
              <value>
                <![CDATA[public void com.LambdaTest.testScript.TestScript1.VerifyPageTitle()]]>
              </value>
            </param>
          </params>
          <reporter-output>
          </reporter-output>
        </test-method> <!-- setTestResult -->
        <test-method is-config="true" signature="getMethodName(java.lang.reflect.Method)[pri:0, instance:com.LambdaTest.testScript.TestScript1@449a4f23]" started-at="2024-10-05T20:04:39 IST" name="getMethodName" finished-at="2024-10-05T20:04:39 IST" duration-ms="1" status="PASS">
          <params>
            <param index="0">
              <value>
                <![CDATA[public void com.LambdaTest.testScript.TestScript1.VerifyPageHeading()]]>
              </value>
            </param>
          </params>
          <reporter-output>
          </reporter-output>
        </test-method> <!-- getMethodName -->
        <test-method signature="VerifyPageHeading()[pri:1, instance:com.LambdaTest.testScript.TestScript1@449a4f23]" started-at="2024-10-05T20:04:39 IST" name="VerifyPageHeading" finished-at="2024-10-05T20:04:39 IST" duration-ms="77" status="FAIL">
          <exception class="java.lang.AssertionError">
            <message>
              <![CDATA[expected [Form Demo] but found [QAForm Demo]]]>
            </message>
            <full-stacktrace>
              <![CDATA[java.lang.AssertionError: expected [Form Demo] but found [QAForm Demo]
at org.testng.Assert.fail(Assert.java:110)
at org.testng.Assert.failNotEquals(Assert.java:1577)
at org.testng.Assert.assertEqualsImpl(Assert.java:149)
at org.testng.Assert.assertEquals(Assert.java:131)
at org.testng.Assert.assertEquals(Assert.java:655)
at org.testng.Assert.assertEquals(Assert.java:665)
at com.LambdaTest.testScript.TestScript1.VerifyPageHeading(TestScript1.java:53)
at java.base/jdk.internal.reflect.NativeMethodAccessorImpl.invoke0(Native Method)
at java.base/jdk.internal.reflect.NativeMethodAccessorImpl.invoke(NativeMethodAccessorImpl.java:77)
at java.base/jdk.internal.reflect.DelegatingMethodAccessorImpl.invoke(DelegatingMethodAccessorImpl.java:43)
at java.base/java.lang.reflect.Method.invoke(Method.java:568)
at org.testng.internal.invokers.MethodInvocationHelper.invokeMethod(MethodInvocationHelper.java:139)
at org.testng.internal.invokers.TestInvoker.invokeMethod(TestInvoker.java:677)
at org.testng.internal.invokers.TestInvoker.invokeTestMethod(TestInvoker.java:221)
at org.testng.internal.invokers.MethodRunner.runInSequence(MethodRunner.java:50)
at org.testng.internal.invokers.TestInvoker$MethodInvocationAgent.invoke(TestInvoker.java:969)
at org.testng.internal.invokers.TestInvoker.invokeTestMethods(TestInvoker.java:194)
at org.testng.internal.invokers.TestMethodWorker.invokeTestMethods(TestMethodWorker.java:148)
at org.testng.internal.invokers.TestMethodWorker.run(TestMethodWorker.java:128)
at java.base/java.util.ArrayList.forEach(ArrayList.java:1511)
at org.testng.TestRunner.privateRun(TestRunner.java:829)
at org.testng.TestRunner.run(TestRunner.java:602)
at org.testng.SuiteRunner.runTest(SuiteRunner.java:437)
at org.testng.SuiteRunner.runSequentially(SuiteRunner.java:431)
at org.testng.SuiteRunner.privateRun(SuiteRunner.java:391)
at org.testng.SuiteRunner.run(SuiteRunner.java:330)
at org.testng.SuiteRunnerWorker.runSuite(SuiteRunnerWorker.java:52)
at org.testng.SuiteRunnerWorker.run(SuiteRunnerWorker.java:95)
at org.testng.TestNG.runSuitesSequentially(TestNG.java:1256)
at org.testng.TestNG.runSuitesLocally(TestNG.java:1176)
at org.testng.TestNG.runSuites(TestNG.java:1099)
at org.testng.TestNG.run(TestNG.java:1067)
at org.testng.remote.AbstractRemoteTestNG.run(AbstractRemoteTestNG.java:115)
at org.testng.remote.RemoteTestNG.initAndRun(RemoteTestNG.java:251)
at org.testng.remote.RemoteTestNG.main(RemoteTestNG.java:77)
]]>
            </full-stacktrace>
          </exception> <!-- java.lang.AssertionError -->
          <reporter-output>
          </reporter-output>
        </test-method> <!-- VerifyPageHeading -->
        <test-method is-config="true" signature="setTestResult(org.testng.ITestResult,java.lang.reflect.Method)[pri:0, instance:com.LambdaTest.testScript.TestScript1@449a4f23]" started-at="2024-10-05T20:04:39 IST" name="setTestResult" finished-at="2024-10-05T20:04:39 IST" duration-ms="188" status="PASS">
          <params>
            <param index="0">
              <value>
                <![CDATA[[TestResult name=VerifyPageHeading status=FAILURE method=TestScript1.VerifyPageHeading()[pri:1, instance:com.LambdaTest.testScript.TestScript1@449a4f23] output={null}]]]>
              </value>
            </param>
            <param index="1">
              <value>
                <![CDATA[public void com.LambdaTest.testScript.TestScript1.VerifyPageHeading()]]>
              </value>
            </param>
          </params>
          <reporter-output>
          </reporter-output>
        </test-method> <!-- setTestResult -->
        <test-method is-config="true" signature="getMethodName(java.lang.reflect.Method)[pri:0, instance:com.LambdaTest.testScript.TestScript1@449a4f23]" started-at="2024-10-05T20:04:39 IST" name="getMethodName" finished-at="2024-10-05T20:04:39 IST" duration-ms="1" status="PASS">
          <params>
            <param index="0">
              <value>
                <![CDATA[public void com.LambdaTest.testScript.TestScript1.VerifyFormHeading()]]>
              </value>
            </param>
          </params>
          <reporter-output>
          </reporter-output>
        </test-method> <!-- getMethodName -->
        <test-method signature="VerifyFormHeading()[pri:3, instance:com.LambdaTest.testScript.TestScript1@449a4f23]" started-at="2024-10-05T20:04:39 IST" name="VerifyFormHeading" finished-at="2024-10-05T20:04:39 IST" duration-ms="159" status="FAIL">
          <exception class="java.lang.AssertionError">
            <message>
              <![CDATA[expected [Input form validations] but found [QAInput form validations]]]>
            </message>
            <full-stacktrace>
              <![CDATA[java.lang.AssertionError: expected [Input form validations] but found [QAInput form validations]
at org.testng.Assert.fail(Assert.java:110)
at org.testng.Assert.failNotEquals(Assert.java:1577)
at org.testng.Assert.assertEqualsImpl(Assert.java:149)
at org.testng.Assert.assertEquals(Assert.java:131)
at org.testng.Assert.assertEquals(Assert.java:655)
at org.testng.Assert.assertEquals(Assert.java:665)
at com.LambdaTest.testScript.TestScript1.VerifyFormHeading(TestScript1.java:61)
at java.base/jdk.internal.reflect.NativeMethodAccessorImpl.invoke0(Native Method)
at java.base/jdk.internal.reflect.NativeMethodAccessorImpl.invoke(NativeMethodAccessorImpl.java:77)
at java.base/jdk.internal.reflect.DelegatingMethodAccessorImpl.invoke(DelegatingMethodAccessorImpl.java:43)
at java.base/java.lang.reflect.Method.invoke(Method.java:568)
at org.testng.internal.invokers.MethodInvocationHelper.invokeMethod(MethodInvocationHelper.java:139)
at org.testng.internal.invokers.TestInvoker.invokeMethod(TestInvoker.java:677)
at org.testng.internal.invokers.TestInvoker.invokeTestMethod(TestInvoker.java:221)
at org.testng.internal.invokers.MethodRunner.runInSequence(MethodRunner.java:50)
at org.testng.internal.invokers.TestInvoker$MethodInvocationAgent.invoke(TestInvoker.java:969)
at org.testng.internal.invokers.TestInvoker.invokeTestMethods(TestInvoker.java:194)
at org.testng.internal.invokers.TestMethodWorker.invokeTestMethods(TestMethodWorker.java:148)
at org.testng.internal.invokers.TestMethodWorker.run(TestMethodWorker.java:128)
at java.base/java.util.ArrayList.forEach(ArrayList.java:1511)
at org.testng.TestRunner.privateRun(TestRunner.java:829)
at org.testng.TestRunner.run(TestRunner.java:602)
at org.testng.SuiteRunner.runTest(SuiteRunner.java:437)
at org.testng.SuiteRunner.runSequentially(SuiteRunner.java:431)
at org.testng.SuiteRunner.privateRun(SuiteRunner.java:391)
at org.testng.SuiteRunner.run(SuiteRunner.java:330)
at org.testng.SuiteRunnerWorker.runSuite(SuiteRunnerWorker.java:52)
at org.testng.SuiteRunnerWorker.run(SuiteRunnerWorker.java:95)
at org.testng.TestNG.runSuitesSequentially(TestNG.java:1256)
at org.testng.TestNG.runSuitesLocally(TestNG.java:1176)
at org.testng.TestNG.runSuites(TestNG.java:1099)
at org.testng.TestNG.run(TestNG.java:1067)
at org.testng.remote.AbstractRemoteTestNG.run(AbstractRemoteTestNG.java:115)
at org.testng.remote.RemoteTestNG.initAndRun(RemoteTestNG.java:251)
at org.testng.remote.RemoteTestNG.main(RemoteTestNG.java:77)
]]>
            </full-stacktrace>
          </exception> <!-- java.lang.AssertionError -->
          <reporter-output>
          </reporter-output>
        </test-method> <!-- VerifyFormHeading -->
        <test-method is-config="true" signature="setTestResult(org.testng.ITestResult,java.lang.reflect.Method)[pri:0, instance:com.LambdaTest.testScript.TestScript1@449a4f23]" started-at="2024-10-05T20:04:39 IST" name="setTestResult" finished-at="2024-10-05T20:04:41 IST" duration-ms="1346" status="PASS">
          <params>
            <param index="0">
              <value>
                <![CDATA[[TestResult name=VerifyFormHeading status=FAILURE method=TestScript1.VerifyFormHeading()[pri:3, instance:com.LambdaTest.testScript.TestScript1@449a4f23] output={null}]]]>
              </value>
            </param>
            <param index="1">
              <value>
                <![CDATA[public void com.LambdaTest.testScript.TestScript1.VerifyFormHeading()]]>
              </value>
            </param>
          </params>
          <reporter-output>
          </reporter-output>
        </test-method> <!-- setTestResult -->
        <test-method is-config="true" signature="getMethodName(java.lang.reflect.Method)[pri:0, instance:com.LambdaTest.testScript.TestScript1@449a4f23]" started-at="2024-10-05T20:04:42 IST" name="getMethodName" finished-at="2024-10-05T20:04:42 IST" duration-ms="1" status="PASS">
          <params>
            <param index="0">
              <value>
                <![CDATA[public void com.LambdaTest.testScript.TestScript1.VerifySubmitForm(java.lang.String,java.lang.String,java.lang.String,java.lang.String,java.lang.String,java.lang.String,java.lang.String,java.lang.String,java.lang.String,java.lang.String) throws java.lang.InterruptedException]]>
              </value>
            </param>
          </params>
          <reporter-output>
          </reporter-output>
        </test-method> <!-- getMethodName -->
        <test-method signature="VerifySubmitForm(java.lang.String,java.lang.String,java.lang.String,java.lang.String,java.lang.String,java.lang.String,java.lang.String,java.lang.String,java.lang.String,java.lang.String)[pri:4, instance:com.LambdaTest.testScript.TestScript1@449a4f23]" started-at="2024-10-05T20:04:42 IST" name="VerifySubmitForm" data-provider="formData" finished-at="2024-10-05T20:04:43 IST" duration-ms="1614" status="PASS">
          <params>
            <param index="0">
              <value>
                <![CDATA[Amit]]>
              </value>
            </param>
            <param index="1">
              <value>
                <![CDATA[amit1@test.com]]>
              </value>
            </param>
            <param index="2">
              <value>
                <![CDATA[Test@123]]>
              </value>
            </param>
            <param index="3">
              <value>
                <![CDATA[Google]]>
              </value>
            </param>
            <param index="4">
              <value>
                <![CDATA[Google.com]]>
              </value>
            </param>
            <param index="5">
              <value>
                <![CDATA[Noida]]>
              </value>
            </param>
            <param index="6">
              <value>
                <![CDATA[Address1]]>
              </value>
            </param>
            <param index="7">
              <value>
                <![CDATA[Address4]]>
              </value>
            </param>
            <param index="8">
              <value>
                <![CDATA[UP]]>
              </value>
            </param>
            <param index="9">
              <value>
                <![CDATA[10001]]>
              </value>
            </param>
          </params>
          <reporter-output>
          </reporter-output>
        </test-method> <!-- VerifySubmitForm -->
        <test-method is-config="true" signature="setTestResult(org.testng.ITestResult,java.lang.reflect.Method)[pri:0, instance:com.LambdaTest.testScript.TestScript1@449a4f23]" started-at="2024-10-05T20:04:43 IST" name="setTestResult" finished-at="2024-10-05T20:04:44 IST" duration-ms="151" status="PASS">
          <params>
            <param index="0">
              <value>
                <![CDATA[[TestResult name=VerifySubmitForm status=SUCCESS method=TestScript1.VerifySubmitForm(java.lang.String,java.lang.String,java.lang.String,java.lang.String,java.lang.String,java.lang.String,java.lang.String,java.lang.String,java.lang.String,java.lang.String)[pri:4, instance:com.LambdaTest.testScript.TestScript1@449a4f23] output={null}]]]>
              </value>
            </param>
            <param index="1">
              <value>
                <![CDATA[public void com.LambdaTest.testScript.TestScript1.VerifySubmitForm(java.lang.String,java.lang.String,java.lang.String,java.lang.String,java.lang.String,java.lang.String,java.lang.String,java.lang.String,java.lang.String,java.lang.String) throws java.lang.InterruptedException]]>
              </value>
            </param>
          </params>
          <reporter-output>
          </reporter-output>
        </test-method> <!-- setTestResult -->
        <test-method is-config="true" signature="getMethodName(java.lang.reflect.Method)[pri:0, instance:com.LambdaTest.testScript.TestScript1@449a4f23]" started-at="2024-10-05T20:04:44 IST" name="getMethodName" finished-at="2024-10-05T20:04:44 IST" duration-ms="1" status="PASS">
          <params>
            <param index="0">
              <value>
                <![CDATA[public void com.LambdaTest.testScript.TestScript1.VerifySubmitForm(java.lang.String,java.lang.String,java.lang.String,java.lang.String,java.lang.String,java.lang.String,java.lang.String,java.lang.String,java.lang.String,java.lang.String) throws java.lang.InterruptedException]]>
              </value>
            </param>
          </params>
          <reporter-output>
          </reporter-output>
        </test-method> <!-- getMethodName -->
        <test-method signature="VerifySubmitForm(java.lang.String,java.lang.String,java.lang.String,java.lang.String,java.lang.String,java.lang.String,java.lang.String,java.lang.String,java.lang.String,java.lang.String)[pri:4, instance:com.LambdaTest.testScript.TestScript1@449a4f23]" started-at="2024-10-05T20:04:44 IST" name="VerifySubmitForm" data-provider="formData" finished-at="2024-10-05T20:04:46 IST" duration-ms="2025" status="PASS">
          <params>
            <param index="0">
              <value>
                <![CDATA[Sumit]]>
              </value>
            </param>
            <param index="1">
              <value>
                <![CDATA[sumit1@test.com]]>
              </value>
            </param>
            <param index="2">
              <value>
                <![CDATA[Test@124]]>
              </value>
            </param>
            <param index="3">
              <value>
                <![CDATA[Amazon]]>
              </value>
            </param>
            <param index="4">
              <value>
                <![CDATA[Amazon]]>
              </value>
            </param>
            <param index="5">
              <value>
                <![CDATA[Gurugram]]>
              </value>
            </param>
            <param index="6">
              <value>
                <![CDATA[Address2]]>
              </value>
            </param>
            <param index="7">
              <value>
                <![CDATA[Address5]]>
              </value>
            </param>
            <param index="8">
              <value>
                <![CDATA[HRY]]>
              </value>
            </param>
            <param index="9">
              <value>
                <![CDATA[10002]]>
              </value>
            </param>
          </params>
          <reporter-output>
          </reporter-output>
        </test-method> <!-- VerifySubmitForm -->
        <test-method is-config="true" signature="setTestResult(org.testng.ITestResult,java.lang.reflect.Method)[pri:0, instance:com.LambdaTest.testScript.TestScript1@449a4f23]" started-at="2024-10-05T20:04:46 IST" name="setTestResult" finished-at="2024-10-05T20:04:46 IST" duration-ms="154" status="PASS">
          <params>
            <param index="0">
              <value>
                <![CDATA[[TestResult name=VerifySubmitForm status=SUCCESS method=TestScript1.VerifySubmitForm(java.lang.String,java.lang.String,java.lang.String,java.lang.String,java.lang.String,java.lang.String,java.lang.String,java.lang.String,java.lang.String,java.lang.String)[pri:4, instance:com.LambdaTest.testScript.TestScript1@449a4f23] output={null}]]]>
              </value>
            </param>
            <param index="1">
              <value>
                <![CDATA[public void com.LambdaTest.testScript.TestScript1.VerifySubmitForm(java.lang.String,java.lang.String,java.lang.String,java.lang.String,java.lang.String,java.lang.String,java.lang.String,java.lang.String,java.lang.String,java.lang.String) throws java.lang.InterruptedException]]>
              </value>
            </param>
          </params>
          <reporter-output>
          </reporter-output>
        </test-method> <!-- setTestResult -->
        <test-method is-config="true" signature="getMethodName(java.lang.reflect.Method)[pri:0, instance:com.LambdaTest.testScript.TestScript1@449a4f23]" started-at="2024-10-05T20:04:46 IST" name="getMethodName" finished-at="2024-10-05T20:04:46 IST" duration-ms="1" status="PASS">
          <params>
            <param index="0">
              <value>
                <![CDATA[public void com.LambdaTest.testScript.TestScript1.VerifySubmitForm(java.lang.String,java.lang.String,java.lang.String,java.lang.String,java.lang.String,java.lang.String,java.lang.String,java.lang.String,java.lang.String,java.lang.String) throws java.lang.InterruptedException]]>
              </value>
            </param>
          </params>
          <reporter-output>
          </reporter-output>
        </test-method> <!-- getMethodName -->
        <test-method signature="VerifySubmitForm(java.lang.String,java.lang.String,java.lang.String,java.lang.String,java.lang.String,java.lang.String,java.lang.String,java.lang.String,java.lang.String,java.lang.String)[pri:4, instance:com.LambdaTest.testScript.TestScript1@449a4f23]" started-at="2024-10-05T20:04:46 IST" name="VerifySubmitForm" data-provider="formData" finished-at="2024-10-05T20:04:47 IST" duration-ms="1487" status="PASS">
          <params>
            <param index="0">
              <value>
                <![CDATA[Pankaj]]>
              </value>
            </param>
            <param index="1">
              <value>
                <![CDATA[pankaj@test.com]]>
              </value>
            </param>
            <param index="2">
              <value>
                <![CDATA[Test@125]]>
              </value>
            </param>
            <param index="3">
              <value>
                <![CDATA[Samsung]]>
              </value>
            </param>
            <param index="4">
              <value>
                <![CDATA[Samsung.com]]>
              </value>
            </param>
            <param index="5">
              <value>
                <![CDATA[Delhi]]>
              </value>
            </param>
            <param index="6">
              <value>
                <![CDATA[Address3]]>
              </value>
            </param>
            <param index="7">
              <value>
                <![CDATA[Address6]]>
              </value>
            </param>
            <param index="8">
              <value>
                <![CDATA[DLH]]>
              </value>
            </param>
            <param index="9">
              <value>
                <![CDATA[10003]]>
              </value>
            </param>
          </params>
          <reporter-output>
          </reporter-output>
        </test-method> <!-- VerifySubmitForm -->
        <test-method is-config="true" signature="setTestResult(org.testng.ITestResult,java.lang.reflect.Method)[pri:0, instance:com.LambdaTest.testScript.TestScript1@449a4f23]" started-at="2024-10-05T20:04:47 IST" name="setTestResult" finished-at="2024-10-05T20:04:47 IST" duration-ms="158" status="PASS">
          <params>
            <param index="0">
              <value>
                <![CDATA[[TestResult name=VerifySubmitForm status=SUCCESS method=TestScript1.VerifySubmitForm(java.lang.String,java.lang.String,java.lang.String,java.lang.String,java.lang.String,java.lang.String,java.lang.String,java.lang.String,java.lang.String,java.lang.String)[pri:4, instance:com.LambdaTest.testScript.TestScript1@449a4f23] output={null}]]]>
              </value>
            </param>
            <param index="1">
              <value>
                <![CDATA[public void com.LambdaTest.testScript.TestScript1.VerifySubmitForm(java.lang.String,java.lang.String,java.lang.String,java.lang.String,java.lang.String,java.lang.String,java.lang.String,java.lang.String,java.lang.String,java.lang.String) throws java.lang.InterruptedException]]>
              </value>
            </param>
          </params>
          <reporter-output>
          </reporter-output>
        </test-method> <!-- setTestResult -->
        <test-method is-config="true" signature="generateReport()[pri:0, instance:com.LambdaTest.testScript.TestScript1@449a4f23]" started-at="2024-10-05T20:04:47 IST" name="generateReport" finished-at="2024-10-05T20:04:49 IST" duration-ms="1059" status="PASS">
          <reporter-output>
          </reporter-output>
        </test-method> <!-- generateReport -->
      </class> <!-- com.LambdaTest.testScript.TestScript1 -->
    </test> <!-- Default test -->
  </suite> <!-- Default suite -->
</testng-results>
